This is MetaPost, version 1.902 (TeX Live 2014) (kpathsea version 6.2.0)  4 SEP 2015 01:20
**\thefmffile
(/usr/local/texlive/2014/texmf-dist/metapost/base/mpost.mp
(/usr/local/texlive/2014/texmf-dist/metapost/base/plain.mp
Preloading the plain mem file, version 1.005) )
*
(Please type a command or say `end')
*
(Please type a command or say `end')
*
(Please type a command or say `end')
*
(Please type a command or say `end')
*
(Please type a command or say `end')
*
(Please type a command or say `end')
*
(Please type a command or say `end')
*
(Please type a command or say `end')
*
(Please type a command or say `end')
*
(Please type a command or say `end')
*
! Emergency stop.
<*> 
    
End of file on the terminal!


